TN:
SF:src\index.ts
FN:17,(anonymous_1)
FNF:1
FNH:0
FNDA:0,(anonymous_1)
DA:1,1
DA:2,1
DA:4,1
DA:6,1
DA:8,1
DA:10,1
DA:11,1
DA:12,1
DA:15,1
DA:17,1
DA:19,1
LF:11
LH:11
BRDA:15,0,0,1
BRDA:15,0,1,0
BRDA:15,1,0,1
BRDA:15,1,1,1
BRF:4
BRH:3
end_of_record
TN:
SF:src\routes.ts
FNF:0
FNH:0
DA:2,1
DA:4,1
DA:10,1
DA:12,1
DA:14,1
DA:15,1
DA:16,1
DA:17,1
DA:19,1
DA:21,1
LF:10
LH:10
BRF:0
BRH:0
end_of_record
TN:
SF:src\controllers\Document.ts
FN:7,createDocument
FN:33,getDocuments
FN:47,getDocument
FN:72,deleteDocument
FNF:4
FNH:0
FNDA:0,createDocument
FNDA:0,getDocuments
FNDA:0,getDocument
FNDA:0,deleteDocument
DA:3,1
DA:4,1
DA:5,1
DA:7,1
DA:8,0
DA:11,0
DA:13,0
DA:15,0
DA:16,0
DA:17,0
DA:18,0
DA:20,0
DA:24,0
DA:26,0
DA:29,0
DA:33,1
DA:35,0
DA:40,0
DA:43,0
DA:47,1
DA:48,0
DA:51,0
DA:53,0
DA:55,0
DA:56,0
DA:62,0
DA:65,0
DA:68,0
DA:72,1
DA:73,0
DA:76,0
DA:78,0
DA:80,0
DA:82,0
DA:84,0
DA:87,0
DA:90,0
LF:37
LH:7
BRDA:26,0,0,0
BRDA:15,1,0,0
BRDA:15,1,1,0
BRDA:29,2,0,0
BRDA:29,2,1,0
BRDA:29,3,0,0
BRDA:29,3,1,0
BRDA:43,4,0,0
BRDA:43,4,1,0
BRDA:43,5,0,0
BRDA:43,5,1,0
BRDA:65,6,0,0
BRDA:55,7,0,0
BRDA:55,7,1,0
BRDA:68,8,0,0
BRDA:68,8,1,0
BRDA:68,9,0,0
BRDA:68,9,1,0
BRDA:87,10,0,0
BRDA:80,11,0,0
BRDA:80,11,1,0
BRDA:90,12,0,0
BRDA:90,12,1,0
BRDA:90,13,0,0
BRDA:90,13,1,0
BRF:25
BRH:0
end_of_record
TN:
SF:src\controllers\WeekAfter.ts
FN:12,getWeekday
FNF:1
FNH:1
FNDA:1,getWeekday
DA:3,1
DA:4,1
DA:12,1
DA:13,1
DA:15,1
DA:16,1
DA:17,1
DA:19,1
DA:21,0
LF:9
LH:8
BRDA:22,0,0,0
BRDA:22,0,1,0
BRDA:23,1,0,0
BRDA:23,1,1,0
BRF:4
BRH:0
end_of_record
TN:
SF:src\database\index.ts
FNF:0
FNH:0
DA:1,1
DA:3,1
DA:5,1
DA:7,1
LF:4
LH:4
BRF:0
BRH:0
end_of_record
TN:
SF:src\utils\weekdayCalculator.ts
FN:1,weekdayCalculator
FN:38,(anonymous_1)
FNF:2
FNH:2
FNDA:1,weekdayCalculator
FNDA:1,(anonymous_1)
DA:1,1
DA:2,1
DA:5,1
DA:7,0
DA:8,0
DA:10,0
DA:11,0
DA:13,0
DA:14,0
DA:16,0
DA:17,0
DA:19,1
DA:20,1
DA:22,0
DA:23,0
DA:25,0
DA:26,0
DA:28,0
DA:29,0
DA:31,0
DA:32,0
DA:36,1
DA:38,1
DA:39,1
DA:41,1
DA:44,1
DA:45,0
DA:48,0
DA:50,0
DA:51,0
DA:53,0
DA:54,0
DA:56,0
DA:57,0
DA:59,0
DA:60,0
DA:62,0
DA:63,0
DA:65,0
DA:66,0
DA:68,0
DA:69,0
DA:72,1
DA:74,0
DA:75,0
DA:77,0
DA:78,0
DA:80,0
DA:81,0
DA:83,0
DA:84,0
DA:86,1
DA:87,1
DA:89,0
DA:90,0
DA:92,0
DA:93,0
DA:97,1
LF:58
LH:14
BRDA:6,0,0,0
BRDA:6,0,1,0
BRDA:6,0,2,0
BRDA:6,0,3,0
BRDA:6,0,4,1
BRDA:6,0,5,0
BRDA:6,0,6,0
BRDA:6,0,7,0
BRDA:6,0,8,0
BRDA:44,1,0,0
BRDA:44,1,1,1
BRDA:49,2,0,0
BRDA:49,2,1,0
BRDA:49,2,2,0
BRDA:49,2,3,0
BRDA:49,2,4,0
BRDA:49,2,5,0
BRDA:49,2,6,0
BRDA:73,3,0,0
BRDA:73,3,1,0
BRDA:73,3,2,0
BRDA:73,3,3,0
BRDA:73,3,4,1
BRDA:73,3,5,0
BRDA:73,3,6,0
BRF:25
BRH:3
end_of_record
