TN:
SF:src\index.ts
FN:18,(anonymous_1)
FNF:1
FNH:0
FNDA:0,(anonymous_1)
DA:1,2
DA:2,2
DA:4,2
DA:6,2
DA:8,2
DA:10,2
DA:11,2
DA:12,2
DA:15,2
DA:17,2
DA:18,0
DA:21,2
LF:12
LH:11
BRDA:15,0,0,2
BRDA:15,0,1,0
BRDA:15,1,0,2
BRDA:15,1,1,2
BRDA:17,2,0,0
BRDA:17,2,1,2
BRF:6
BRH:4
end_of_record
TN:
SF:src\routes.ts
FNF:0
FNH:0
DA:2,2
DA:4,2
DA:10,2
DA:12,2
DA:14,2
DA:15,2
DA:16,2
DA:17,2
DA:19,2
DA:21,2
LF:10
LH:10
BRF:0
BRH:0
end_of_record
TN:
SF:src\controllers\Document.ts
FN:7,createDocument
FN:38,getDocuments
FN:53,getDocument
FN:82,deleteDocument
FNF:4
FNH:4
FNDA:9,createDocument
FNDA:1,getDocuments
FNDA:4,getDocument
FNDA:3,deleteDocument
DA:3,2
DA:4,2
DA:5,2
DA:7,2
DA:8,9
DA:11,9
DA:13,7
DA:18,8
DA:19,6
DA:20,6
DA:21,6
DA:23,6
DA:27,6
DA:30,1
DA:32,2
DA:38,2
DA:40,1
DA:45,1
DA:47,0
DA:53,2
DA:54,4
DA:57,4
DA:59,3
DA:64,5
DA:65,1
DA:71,1
DA:74,2
DA:76,1
DA:82,2
DA:83,3
DA:86,3
DA:88,2
DA:93,3
DA:94,2
DA:98,1
DA:101,1
DA:103,1
LF:37
LH:36
BRDA:30,0,0,1
BRDA:18,1,0,1
BRDA:18,1,1,6
BRDA:33,2,0,2
BRDA:33,2,1,0
BRDA:34,3,0,2
BRDA:34,3,1,0
BRDA:48,4,0,0
BRDA:48,4,1,0
BRDA:49,5,0,0
BRDA:49,5,1,0
BRDA:74,6,0,2
BRDA:64,7,0,2
BRDA:64,7,1,1
BRDA:77,8,0,1
BRDA:77,8,1,0
BRDA:78,9,0,1
BRDA:78,9,1,0
BRDA:101,10,0,1
BRDA:93,11,0,1
BRDA:93,11,1,1
BRDA:104,12,0,1
BRDA:104,12,1,0
BRDA:105,13,0,1
BRDA:105,13,1,0
BRF:25
BRH:15
end_of_record
TN:
SF:src\controllers\WeekdayAfter.ts
FN:12,getWeekday
FNF:1
FNH:1
FNDA:7,getWeekday
DA:3,2
DA:4,2
DA:12,2
DA:13,7
DA:15,7
DA:16,7
DA:17,3
DA:19,3
DA:21,4
LF:9
LH:9
BRDA:22,0,0,4
BRDA:22,0,1,0
BRDA:23,1,0,4
BRDA:23,1,1,0
BRF:4
BRH:2
end_of_record
TN:
SF:src\database\index.ts
FNF:0
FNH:0
DA:1,2
DA:3,2
DA:5,2
DA:7,2
LF:4
LH:4
BRF:0
BRH:0
end_of_record
